<?xml version="1.0" encoding="UTF-8"?>
<testsuite name="com.baldurtech.controller.SiteIntegrationTest" time="1.104" tests="1" errors="0" skipped="0" failures="1">
  <properties>
[...]
</properties>
  <testcase name="thatTextReturned" classname="com.baldurtech.controller.SiteIntegrationTest" time="1.104">
    <failure message="Response content expected:&lt;foo!&gt; but was:&lt;&gt;" type="java.lang.AssertionError"><![CDATA[java.lang.AssertionError: Response content expected:<foo!> but was:<>
	at org.springframework.test.util.AssertionErrors.fail(AssertionErrors.java:60)
	at org.springframework.test.util.AssertionErrors.assertEquals(AssertionErrors.java:89)
	at org.springframework.test.web.servlet.result.ContentResultMatchers$5.match(ContentResultMatchers.java:144)
	at org.springframework.test.web.servlet.MockMvc$1.andExpect(MockMvc.java:149)
	at com.baldurtech.controller.SiteIntegrationTest.thatTextReturned(SiteIntegrationTest.java:41)
]]></failure>
    <system-out>16:12:42.720 [main] DEBUG o.s.core.env.StandardEnvironment - Adding [systemProperties] PropertySource with lowest search precedence
16:12:42.725 [main] DEBUG o.s.core.env.StandardEnvironment - Adding [systemEnvironment] PropertySource with lowest search precedence
16:12:42.725 [main] DEBUG o.s.core.env.StandardEnvironment - Initialized StandardEnvironment with PropertySources [systemProperties,systemEnvironment]
16:12:42.896 [main] INFO  o.s.t.w.s.s.StandaloneMockMvcBuilder$StaticRequestMappingHandlerMapping - Mapped "{[/],methods=[GET],params=[],headers=[],consumes=[],produces=[],custom=[]}" onto public java.lang.String com.baldurtech.controller.SiteController.getContactList(org.springframework.ui.Model)
16:12:43.176 [main] DEBUG org.jboss.logging - Logging Provider: org.jboss.logging.Slf4jLoggerProvider
16:12:43.177 [main] INFO  o.h.validator.internal.util.Version - HV000001: Hibernate Validator 5.0.3.Final
16:12:43.186 [main] DEBUG o.h.v.i.e.r.DefaultTraversableResolver - Cannot find javax.persistence.Persistence on classpath. Assuming non JPA 2 environment. All properties will per default be traversable.
16:12:43.188 [main] DEBUG o.h.v.i.engine.ConfigurationImpl - Setting custom MessageInterpolator of type org.springframework.validation.beanvalidation.LocaleContextMessageInterpolator
16:12:43.192 [main] DEBUG o.h.v.i.engine.ConfigurationImpl - Setting custom ParameterNameProvider of type com.sun.proxy.$Proxy10
16:12:43.199 [main] DEBUG o.h.v.i.xml.ValidationXmlParser - Trying to load META-INF/validation.xml for XML based Validator configuration.
16:12:43.208 [main] DEBUG o.h.v.i.xml.ValidationXmlParser - No META-INF/validation.xml found. Using annotation based configuration only.
16:12:43.300 [main] DEBUG o.s.w.s.m.m.a.RequestMappingHandlerAdapter - Looking for controller advice: org.springframework.test.web.servlet.setup.StubWebApplicationContext@43a0cee9
16:12:43.347 [main] DEBUG o.s.t.w.s.TestDispatcherServlet - Initializing servlet ''
16:12:43.361 [main] DEBUG o.s.w.c.s.StandardServletEnvironment - Adding [servletConfigInitParams] PropertySource with lowest search precedence
16:12:43.361 [main] DEBUG o.s.w.c.s.StandardServletEnvironment - Adding [servletContextInitParams] PropertySource with lowest search precedence
16:12:43.366 [main] DEBUG o.s.w.c.s.StandardServletEnvironment - Adding [jndiProperties] PropertySource with lowest search precedence
16:12:43.367 [main] DEBUG o.s.w.c.s.StandardServletEnvironment - Adding [systemProperties] PropertySource with lowest search precedence
16:12:43.367 [main] DEBUG o.s.w.c.s.StandardServletEnvironment - Adding [systemEnvironment] PropertySource with lowest search precedence
16:12:43.367 [main] DEBUG o.s.w.c.s.StandardServletEnvironment - Initialized StandardServletEnvironment with PropertySources [servletConfigInitParams,servletContextInitParams,jndiProperties,systemProperties,systemEnvironment]
16:12:43.368 [main] INFO  o.s.mock.web.MockServletContext - Initializing Spring FrameworkServlet ''
16:12:43.368 [main] INFO  o.s.t.w.s.TestDispatcherServlet - FrameworkServlet '': initialization started
16:12:43.371 [main] DEBUG o.s.t.w.s.TestDispatcherServlet - Unable to locate MultipartResolver with name 'multipartResolver': no multipart request handling provided
16:12:43.371 [main] DEBUG o.s.t.w.s.TestDispatcherServlet - Using LocaleResolver [org.springframework.web.servlet.i18n.AcceptHeaderLocaleResolver@730d2164]
16:12:43.371 [main] DEBUG o.s.t.w.s.TestDispatcherServlet - Using ThemeResolver [org.springframework.web.servlet.theme.FixedThemeResolver@24959ca4]
16:12:43.372 [main] DEBUG o.s.t.w.s.TestDispatcherServlet - Using RequestToViewNameTranslator [org.springframework.web.servlet.view.DefaultRequestToViewNameTranslator@10289886]
16:12:43.372 [main] DEBUG o.s.t.w.s.TestDispatcherServlet - Using FlashMapManager [org.springframework.web.servlet.support.SessionFlashMapManager@5c86dbc5]
16:12:43.372 [main] DEBUG o.s.t.w.s.TestDispatcherServlet - Published WebApplicationContext of servlet '' as ServletContext attribute with name [org.springframework.web.servlet.FrameworkServlet.CONTEXT.]
16:12:43.372 [main] INFO  o.s.t.w.s.TestDispatcherServlet - FrameworkServlet '': initialization completed in 4 ms
16:12:43.372 [main] DEBUG o.s.t.w.s.TestDispatcherServlet - Servlet '' configured successfully
16:12:43.420 [main] DEBUG o.s.t.w.s.TestDispatcherServlet - DispatcherServlet with name '' processing GET request for [/]
16:12:43.422 [main] DEBUG o.s.t.w.s.s.StandaloneMockMvcBuilder$StaticRequestMappingHandlerMapping - Looking up handler method for path /
16:12:43.424 [main] DEBUG o.s.t.w.s.s.StandaloneMockMvcBuilder$StaticRequestMappingHandlerMapping - Returning handler method [public java.lang.String com.baldurtech.controller.SiteController.getContactList(org.springframework.ui.Model)]
16:12:43.425 [main] DEBUG o.s.t.w.s.TestDispatcherServlet - Last-Modified value for [/] is: -1
16:12:43.456 [main] DEBUG o.s.t.w.s.TestDispatcherServlet - Rendering view [org.springframework.web.servlet.view.InternalResourceView: unnamed; URL [list]] in DispatcherServlet with name ''
16:12:43.457 [main] DEBUG o.s.w.s.view.InternalResourceView - Added model object 'contactList' of type [java.util.ArrayList] to request in view with name 'null'
16:12:43.457 [main] DEBUG o.s.w.s.view.InternalResourceView - Forwarding to resource [list] in InternalResourceView 'null'
16:12:43.458 [main] DEBUG o.s.mock.web.MockRequestDispatcher - MockRequestDispatcher: forwarding to [list]
16:12:43.459 [main] DEBUG o.s.t.w.s.TestDispatcherServlet - Successfully completed request

MockHttpServletRequest:
         HTTP Method = GET
         Request URI = /
          Parameters = {}
             Headers = {}

             Handler:
                Type = com.baldurtech.controller.SiteController
              Method = public java.lang.String com.baldurtech.controller.SiteController.getContactList(org.springframework.ui.Model)

               Async:
   Was async started = false
        Async result = null

  Resolved Exception:
                Type = null

        ModelAndView:
           View name = list
                View = null
           Attribute = contactList
               value = [com.baldurtech.core.Contact@6e15fe2, com.baldurtech.core.Contact@68f1b17f]

            FlashMap:

MockHttpServletResponse:
              Status = 200
       Error message = null
             Headers = {}
        Content type = null
                Body = 
       Forwarded URL = list
      Redirected URL = null
             Cookies = []
</system-out>
  </testcase>
</testsuite>